0 silly argv {
0 silly argv   _: [ 'run' ],
0 silly argv   lernaVersion: '6.6.1',
0 silly argv   '$0': '/home/leonid/Documents/projects/gate/gateway/node_modules/.bin/lerna',
0 silly argv   script: 'test'
0 silly argv }
1 notice cli v6.6.1
2 verbose rootPath /home/leonid/Documents/projects/gate/gateway
3 error JSONError: Unexpected token "}" (0x7D) in JSON at position 466 while parsing near "... \"npm run build\",\n  },\n  \"repository\": {..." in packages/gateway-bg-interface/package.json
3 error
3 error [0m [90m 13 |[39m     [32m"lint"[39m[33m:[39m [32m"eslint -c .eslintrc.json --ext .js src/ --fix"[39m[33m,[39m[0m
3 error [0m [90m 14 |[39m     [32m"prepublishOnly"[39m[33m:[39m [32m"npm run build"[39m[33m,[39m[0m
3 error [0m[31m[1m>[22m[39m[90m 15 |[39m   }[33m,[39m[0m
3 error [0m [90m    |[39m   [31m[1m^[22m[39m[0m
3 error [0m [90m 16 |[39m   [32m"repository"[39m[33m:[39m {[0m
3 error [0m [90m 17 |[39m     [32m"type"[39m[33m:[39m [32m"git"[39m[33m,[39m[0m
3 error [0m [90m 18 |[39m     [32m"url"[39m[33m:[39m [32m"git+https://github.com/kuznetsovlv/gateway-bg-interface.git"[39m[0m
3 error
3 error     at parseJson (/home/leonid/Documents/projects/gate/gateway/node_modules/parse-json/index.js:29:21)
3 error     at parse (/home/leonid/Documents/projects/gate/gateway/node_modules/load-json-file/index.js:15:9)
3 error     at module.exports (/home/leonid/Documents/projects/gate/gateway/node_modules/load-json-file/index.js:18:47)
